<?xml version="1.0" encoding="UTF-8"?>
<!-- Generated by org.testng.reporters.JUnitReportReporter -->
<testsuite hostname="DESKTOP-0SUOSSN" failures="0" tests="1" name="com.CoverFox_test.CoverFoxTestUsingTestNG" time="9.105" errors="0" timestamp="2025-04-22T10:38:03 IST" skipped="0">
  <testcase classname="com.CoverFox_test.CoverFoxTestUsingTestNG" name="validateCoverFoxPlans" time="9.105">
    <system-out>
      <![CDATA[Getting plan number from text
Getting plan number from plan cards
Plan number are matching TC is passed
Taking screenshot, saved atC:\Users\DELL\eclipse-workspace\Maven_Project\screenshot\validateCoverFoxPlans.png]]>
    </system-out>
  </testcase> <!-- validateCoverFoxPlans -->
  <system-out>
    <![CDATA[Reading url from properties file
Launching browser
Clicking on gender
Clicking on next button of health plan page
Reading data from excel: 25 years
Handeling age drop down
Clicking On NextButton Of MemberDetails Page
Reading data from excel: 700117
Entering PinCode
Reading data from excel: 8888888888
Entering mobileNumber
Clicking On Continue Button
Getting plan number from text
Getting plan number from plan cards
Plan number are matching TC is passed
Taking screenshot, saved atC:\Users\DELL\eclipse-workspace\Maven_Project\screenshot\validateCoverFoxPlans.png
Closing browser]]>
  </system-out>
</testsuite> <!-- com.CoverFox_test.CoverFoxTestUsingTestNG -->
